<?xml version="1.0" encoding="UTF-8"?>
<testsuite xmlns:xsi="http://www.w3.org/2001/XMLSchema-instance" xsi:noNamespaceSchemaLocation="https://maven.apache.org/surefire/maven-failsafe-plugin/xsd/failsafe-test-report-3.0.xsd" version="3.0" name="collector.repository.CryptoPriceHistoryRepositoryIT" time="19.849" tests="1" errors="0" skipped="0" failures="0">
  <properties>
[...]
</properties>
  <testcase name="upsertPoint_insertsThenUpdates_sameUniqueKey" classname="collector.repository.CryptoPriceHistoryRepositoryIT" time="1.176">
    <system-out><![CDATA[18:20:10.592 [main] INFO org.testcontainers.images.PullPolicy -- Image pull policy will be performed by: DefaultPullPolicy()
18:20:10.621 [main] INFO org.testcontainers.utility.ImageNameSubstitutor -- Image name substitution will be performed by: DefaultImageNameSubstitutor (composite of 'ConfigurationFileImageNameSubstitutor' and 'PrefixingImageNameSubstitutor')
18:20:11.444 [main] INFO org.testcontainers.dockerclient.DockerClientProviderStrategy -- Loaded org.testcontainers.dockerclient.UnixSocketClientProviderStrategy from ~/.testcontainers.properties, will try it first
18:20:12.670 [main] INFO org.testcontainers.dockerclient.DockerClientProviderStrategy -- Found Docker environment with local Unix socket (unix:///var/run/docker.sock)
18:20:12.674 [main] INFO org.testcontainers.DockerClientFactory -- Docker host IP address is localhost
18:20:12.751 [main] INFO org.testcontainers.DockerClientFactory -- Connected to docker: 
  Server Version: 28.5.1
  API Version: 1.51
  Operating System: Ubuntu 24.04.3 LTS
  Total Memory: 7827 MB
18:20:13.102 [main] INFO tc.testcontainers/ryuk:0.6.0 -- Creating container for image: testcontainers/ryuk:0.6.0
18:20:13.113 [main] INFO org.testcontainers.utility.RegistryAuthLocator -- Failure when attempting to lookup auth config. Please ignore if you don't have images in an authenticated registry. Details: (dockerImageName: testcontainers/ryuk:0.6.0, configFile: /root/.docker/config.json, configEnv: DOCKER_AUTH_CONFIG). Falling back to docker-java default behaviour. Exception message: Status 404: No config supplied. Checked in order: /root/.docker/config.json (file not found), DOCKER_AUTH_CONFIG (not set)
18:20:14.453 [main] INFO tc.testcontainers/ryuk:0.6.0 -- Container testcontainers/ryuk:0.6.0 is starting: 19ed9c738de9d4650b58a947220b655251ed80cd412078c97c0eded604b41cd9
18:20:15.821 [main] INFO tc.testcontainers/ryuk:0.6.0 -- Container testcontainers/ryuk:0.6.0 started in PT2.718944841S
18:20:15.836 [main] INFO org.testcontainers.utility.RyukResourceReaper -- Ryuk started - will monitor and terminate Testcontainers containers on JVM exit
18:20:15.836 [main] INFO org.testcontainers.DockerClientFactory -- Checking the system...
18:20:15.838 [main] INFO org.testcontainers.DockerClientFactory -- ✔︎ Docker server version should be at least 1.6.0
18:20:15.838 [main] INFO tc.postgres:16-alpine -- Creating container for image: postgres:16-alpine
18:20:17.275 [main] INFO tc.postgres:16-alpine -- Container postgres:16-alpine is starting: ac58e2138a6678369f3ef9f986e0e86ac2aa41e04b122a8b1b8b6dab0815b937
18:20:20.648 [main] INFO tc.postgres:16-alpine -- Container postgres:16-alpine started in PT4.810002977S
18:20:20.649 [main] INFO tc.postgres:16-alpine -- Container is started (JDBC URL: jdbc:postgresql://localhost:32783/testdb?loggerLevel=OFF)
18:20:20.860 [main] INFO org.springframework.test.context.support.AnnotationConfigContextLoaderUtils -- Could not detect default configuration classes for test class [collector.repository.CryptoPriceHistoryRepositoryIT]: CryptoPriceHistoryRepositoryIT does not declare any static, non-private, non-final, nested classes annotated with @Configuration.
18:20:21.148 [main] INFO org.springframework.boot.test.context.SpringBootTestContextBootstrapper -- Found @SpringBootConfiguration collector.CollectorApplication for test class collector.repository.CryptoPriceHistoryRepositoryIT

  .   ____          _            __ _ _
 /\\ / ___'_ __ _ _(_)_ __  __ _ \ \ \ \
( ( )\___ | '_ | '_| | '_ \/ _` | \ \ \ \
 \\/  ___)| |_)| | | | | || (_| |  ) ) ) )
  '  |____| .__|_| |_|_| |_\__, | / / / /
 =========|_|==============|___/=/_/_/_/
 :: Spring Boot ::                (v3.2.4)

2026-01-06T18:20:22.084+01:00  INFO 473182 --- [           main] c.r.CryptoPriceHistoryRepositoryIT       : Starting CryptoPriceHistoryRepositoryIT using Java 17.0.17 with PID 473182 (started by root in /home/mathys/Bureau/project_crypto/collector)
2026-01-06T18:20:22.086+01:00  INFO 473182 --- [           main] c.r.CryptoPriceHistoryRepositoryIT       : The following 1 profile is active: "test"
2026-01-06T18:20:22.645+01:00  INFO 473182 --- [           main] .s.d.r.c.RepositoryConfigurationDelegate : Bootstrapping Spring Data JPA repositories in DEFAULT mode.
2026-01-06T18:20:22.889+01:00  INFO 473182 --- [           main] .s.d.r.c.RepositoryConfigurationDelegate : Finished Spring Data repository scanning in 232 ms. Found 4 JPA repository interfaces.
2026-01-06T18:20:23.396+01:00  INFO 473182 --- [           main] o.hibernate.jpa.internal.util.LogHelper  : HHH000204: Processing PersistenceUnitInfo [name: default]
2026-01-06T18:20:23.502+01:00  INFO 473182 --- [           main] org.hibernate.Version                    : HHH000412: Hibernate ORM core version 6.4.4.Final
2026-01-06T18:20:23.577+01:00  INFO 473182 --- [           main] o.h.c.internal.RegionFactoryInitiator    : HHH000026: Second-level cache disabled
2026-01-06T18:20:24.082+01:00  INFO 473182 --- [           main] o.s.o.j.p.SpringPersistenceUnitInfo      : No LoadTimeWeaver setup: ignoring JPA class transformer
2026-01-06T18:20:24.157+01:00  INFO 473182 --- [           main] com.zaxxer.hikari.HikariDataSource       : HikariPool-1 - Starting...
2026-01-06T18:20:24.534+01:00  INFO 473182 --- [           main] com.zaxxer.hikari.pool.HikariPool        : HikariPool-1 - Added connection org.postgresql.jdbc.PgConnection@56fff809
2026-01-06T18:20:24.537+01:00  INFO 473182 --- [           main] com.zaxxer.hikari.HikariDataSource       : HikariPool-1 - Start completed.
2026-01-06T18:20:26.481+01:00  INFO 473182 --- [           main] o.h.e.t.j.p.i.JtaPlatformInitiator       : HHH000489: No JTA platform available (set 'hibernate.transaction.jta.platform' to enable JTA platform integration)
Hibernate: alter table if exists price_alerts drop constraint if exists FKk31k2fctkk89g9gf9jjinnlia
2026-01-06T18:20:26.515+01:00  WARN 473182 --- [           main] o.h.engine.jdbc.spi.SqlExceptionHelper   : SQL Warning Code: 0, SQLState: 00000
2026-01-06T18:20:26.515+01:00  WARN 473182 --- [           main] o.h.engine.jdbc.spi.SqlExceptionHelper   : relation "price_alerts" does not exist, skipping
Hibernate: drop table if exists crypto_assets cascade
2026-01-06T18:20:26.518+01:00  WARN 473182 --- [           main] o.h.engine.jdbc.spi.SqlExceptionHelper   : SQL Warning Code: 0, SQLState: 00000
2026-01-06T18:20:26.518+01:00  WARN 473182 --- [           main] o.h.engine.jdbc.spi.SqlExceptionHelper   : table "crypto_assets" does not exist, skipping
Hibernate: drop table if exists crypto_price_history cascade
2026-01-06T18:20:26.520+01:00  WARN 473182 --- [           main] o.h.engine.jdbc.spi.SqlExceptionHelper   : SQL Warning Code: 0, SQLState: 00000
2026-01-06T18:20:26.520+01:00  WARN 473182 --- [           main] o.h.engine.jdbc.spi.SqlExceptionHelper   : table "crypto_price_history" does not exist, skipping
Hibernate: drop table if exists price_alerts cascade
2026-01-06T18:20:26.521+01:00  WARN 473182 --- [           main] o.h.engine.jdbc.spi.SqlExceptionHelper   : SQL Warning Code: 0, SQLState: 00000
2026-01-06T18:20:26.521+01:00  WARN 473182 --- [           main] o.h.engine.jdbc.spi.SqlExceptionHelper   : table "price_alerts" does not exist, skipping
Hibernate: drop table if exists users cascade
2026-01-06T18:20:26.522+01:00  WARN 473182 --- [           main] o.h.engine.jdbc.spi.SqlExceptionHelper   : SQL Warning Code: 0, SQLState: 00000
2026-01-06T18:20:26.522+01:00  WARN 473182 --- [           main] o.h.engine.jdbc.spi.SqlExceptionHelper   : table "users" does not exist, skipping
Hibernate: create table crypto_assets (current_price float(53), market_cap float(53), market_cap_rank integer, price_change_24h float(53), total_volume float(53), id bigserial not null, external_id varchar(255) not null unique, image_url varchar(255), name varchar(255), symbol varchar(255), primary key (id))
Hibernate: create table crypto_price_history (market_cap float(53), price float(53) not null, total_volume float(53), asset_id bigint not null, id bigserial not null, ts timestamp(6) with time zone not null, vs_currency varchar(10) not null, primary key (id), constraint uq_price_history_point unique (asset_id, vs_currency, ts))
Hibernate: create table price_alerts (active boolean not null, threshold_high float(53), threshold_low float(53), asset_id bigint not null, created_at timestamp(6) with time zone not null, id bigserial not null, last_triggered_high_at timestamp(6) with time zone, last_triggered_low_at timestamp(6) with time zone, updated_at timestamp(6) with time zone not null, user_id bigint not null, primary key (id), unique (user_id, asset_id))
Hibernate: create table users (id bigint not null, email varchar(255) not null unique, primary key (id))
Hibernate: alter table if exists price_alerts add constraint FKk31k2fctkk89g9gf9jjinnlia foreign key (asset_id) references crypto_assets
2026-01-06T18:20:26.577+01:00  INFO 473182 --- [           main] j.LocalContainerEntityManagerFactoryBean : Initialized JPA EntityManagerFactory for persistence unit 'default'
2026-01-06T18:20:27.165+01:00  INFO 473182 --- [           main] o.s.d.j.r.query.QueryEnhancerFactory     : Hibernate is in classpath; If applicable, HQL parser will be used.
2026-01-06T18:20:27.296+01:00  INFO 473182 --- [           main] c.r.CryptoPriceHistoryRepositoryIT       : Started CryptoPriceHistoryRepositoryIT in 6.003 seconds (process running for 18.409)
Hibernate: insert into crypto_assets (current_price,external_id,image_url,market_cap,market_cap_rank,name,price_change_24h,symbol,total_volume) values (?,?,?,?,?,?,?,?,?)
Hibernate: INSERT INTO crypto_price_history (asset_id, vs_currency, ts, price, market_cap, total_volume)
VALUES (?, ?, ?, ?, ?, ?)
ON CONFLICT (asset_id, vs_currency, ts)
DO UPDATE SET
  price = EXCLUDED.price,
  market_cap = EXCLUDED.market_cap,
  total_volume = EXCLUDED.total_volume

Hibernate: INSERT INTO crypto_price_history (asset_id, vs_currency, ts, price, market_cap, total_volume)
VALUES (?, ?, ?, ?, ?, ?)
ON CONFLICT (asset_id, vs_currency, ts)
DO UPDATE SET
  price = EXCLUDED.price,
  market_cap = EXCLUDED.market_cap,
  total_volume = EXCLUDED.total_volume

Hibernate: select cph1_0.id,cph1_0.asset_id,cph1_0.market_cap,cph1_0.price,cph1_0.total_volume,cph1_0.ts,cph1_0.vs_currency from crypto_price_history cph1_0
]]></system-out>
  </testcase>
</testsuite>