<?xml version="1.0" encoding="UTF-8"?>
<testsuite xmlns:xsi="http://www.w3.org/2001/XMLSchema-instance" xsi:noNamespaceSchemaLocation="https://maven.apache.org/surefire/maven-surefire-plugin/xsd/surefire-test-report-3.0.xsd" version="3.0" name="collector.service.CoinGeckoCollectorServiceTest" time="4.488" tests="6" errors="0" skipped="0" failures="0">
  <properties>
[...]
</properties>
  <testcase name="collectTopMarketCoins_writeHistory_false_savesAsset_but_doesNotWriteHistory" classname="collector.service.CoinGeckoCollectorServiceTest" time="4.102">
    <system-out><![CDATA[00:45:33.993 [main] INFO collector.service.CoinGeckoCollectorService -- ✅ 1 cryptos récupérées depuis CoinGecko.
00:45:34.006 [main] INFO collector.service.CoinGeckoCollectorService -- 🏁 Collecte CoinGecko terminée, cryptos enregistrées / mises à jour en BDD.
]]></system-out>
  </testcase>
  <testcase name="collectTopMarketCoins_emptyResponse_doesNothing" classname="collector.service.CoinGeckoCollectorServiceTest" time="0.004">
    <system-out><![CDATA[00:45:34.042 [main] WARN collector.service.CoinGeckoCollectorService -- ⚠️ Réponse CoinGecko vide, aucune donnée collectée.
]]></system-out>
  </testcase>
  <testcase name="collectTopMarketCoins_whenAssetAlreadyExists_updatesIt_and_upsertsHistory" classname="collector.service.CoinGeckoCollectorServiceTest" time="0.209">
    <system-out><![CDATA[00:45:34.051 [main] INFO collector.service.CoinGeckoCollectorService -- ✅ 1 cryptos récupérées depuis CoinGecko.
00:45:34.053 [main] INFO collector.service.CoinGeckoCollectorService -- 🏁 Collecte CoinGecko terminée, cryptos enregistrées / mises à jour en BDD.
]]></system-out>
  </testcase>
  <testcase name="collectTopMarketCoins_callsCoinGeckoMarketsEndpoint_withExpectedQueryParams" classname="collector.service.CoinGeckoCollectorServiceTest" time="0.007">
    <system-out><![CDATA[00:45:34.261 [main] INFO collector.service.CoinGeckoCollectorService -- ✅ 1 cryptos récupérées depuis CoinGecko.
00:45:34.261 [main] INFO collector.service.CoinGeckoCollectorService -- 🏁 Collecte CoinGecko terminée, cryptos enregistrées / mises à jour en BDD.
]]></system-out>
  </testcase>
  <testcase name="collectTopMarketCoins_whenAssetDoesNotExist_and_writeHistory_true_createsAsset_and_upsertsHistory" classname="collector.service.CoinGeckoCollectorServiceTest" time="0.008">
    <system-out><![CDATA[00:45:34.268 [main] INFO collector.service.CoinGeckoCollectorService -- ✅ 1 cryptos récupérées depuis CoinGecko.
00:45:34.269 [main] INFO collector.service.CoinGeckoCollectorService -- 🏁 Collecte CoinGecko terminée, cryptos enregistrées / mises à jour en BDD.
]]></system-out>
  </testcase>
  <testcase name="collectTopMarketCoins_whenCoinGeckoReturns429_throwsTooManyRequests_and_doesNotTouchRepos" classname="collector.service.CoinGeckoCollectorServiceTest" time="0.089"/>
</testsuite>