<?xml version="1.0" encoding="UTF-8"?>
<testsuite xmlns:xsi="http://www.w3.org/2001/XMLSchema-instance" xsi:noNamespaceSchemaLocation="https://maven.apache.org/surefire/maven-failsafe-plugin/xsd/failsafe-test-report-3.0.xsd" version="3.0" name="api.it.AuthFlowIT" time="58.443" tests="1" errors="0" skipped="0" failures="0">
  <properties>
[...]
</properties>
  <testcase name="register_then_login_then_accessProtectedEndpoint_withJwt" classname="api.it.AuthFlowIT" time="1.348">
    <system-out><![CDATA[00:44:06.861 [main] INFO org.springframework.boot.test.context.SpringBootTestContextBootstrapper -- Found @SpringBootConfiguration api.apiApplication for test class api.it.AuthFlowIT
00:44:07.291 [main] INFO org.testcontainers.images.PullPolicy -- Image pull policy will be performed by: DefaultPullPolicy()
00:44:07.298 [main] INFO org.testcontainers.utility.ImageNameSubstitutor -- Image name substitution will be performed by: DefaultImageNameSubstitutor (composite of 'ConfigurationFileImageNameSubstitutor' and 'PrefixingImageNameSubstitutor')
00:44:07.897 [main] INFO org.testcontainers.dockerclient.DockerClientProviderStrategy -- Loaded org.testcontainers.dockerclient.UnixSocketClientProviderStrategy from ~/.testcontainers.properties, will try it first
00:44:11.249 [main] INFO org.testcontainers.dockerclient.DockerClientProviderStrategy -- Found Docker environment with local Unix socket (unix:///var/run/docker.sock)
00:44:11.251 [main] INFO org.testcontainers.DockerClientFactory -- Docker host IP address is localhost
00:44:11.361 [main] INFO org.testcontainers.DockerClientFactory -- Connected to docker: 
  Server Version: 28.5.1
  API Version: 1.51
  Operating System: Ubuntu 24.04.3 LTS
  Total Memory: 7827 MB
00:44:26.428 [main] INFO tc.testcontainers/ryuk:0.6.0 -- Creating container for image: testcontainers/ryuk:0.6.0
00:44:26.474 [main] INFO org.testcontainers.utility.RegistryAuthLocator -- Failure when attempting to lookup auth config. Please ignore if you don't have images in an authenticated registry. Details: (dockerImageName: testcontainers/ryuk:0.6.0, configFile: /root/.docker/config.json, configEnv: DOCKER_AUTH_CONFIG). Falling back to docker-java default behaviour. Exception message: Status 404: No config supplied. Checked in order: /root/.docker/config.json (file not found), DOCKER_AUTH_CONFIG (not set)
00:44:29.573 [main] INFO tc.testcontainers/ryuk:0.6.0 -- Container testcontainers/ryuk:0.6.0 is starting: 2bec2867035bf34fb7c4046c7f4a3bd0bcd3a2b939b4ba8f1c20ce17db74a552
00:44:40.078 [main] INFO tc.testcontainers/ryuk:0.6.0 -- Container testcontainers/ryuk:0.6.0 started in PT13.649086888S
00:44:40.112 [main] INFO org.testcontainers.utility.RyukResourceReaper -- Ryuk started - will monitor and terminate Testcontainers containers on JVM exit
00:44:40.113 [main] INFO org.testcontainers.DockerClientFactory -- Checking the system...
00:44:40.115 [main] INFO org.testcontainers.DockerClientFactory -- ✔︎ Docker server version should be at least 1.6.0
00:44:40.117 [main] INFO tc.postgres:16-alpine -- Creating container for image: postgres:16-alpine
00:44:43.095 [main] INFO tc.postgres:16-alpine -- Container postgres:16-alpine is starting: 842e4e394e11300b39047674d48d50428340307413720e933fecc2ff60367789
00:44:56.139 [main] INFO tc.postgres:16-alpine -- Container postgres:16-alpine started in PT16.021910589S
00:44:56.141 [main] INFO tc.postgres:16-alpine -- Container is started (JDBC URL: jdbc:postgresql://localhost:32798/testdb?loggerLevel=OFF)

  .   ____          _            __ _ _
 /\\ / ___'_ __ _ _(_)_ __  __ _ \ \ \ \
( ( )\___ | '_ | '_| | '_ \/ _` | \ \ \ \
 \\/  ___)| |_)| | | | | || (_| |  ) ) ) )
  '  |____| .__|_| |_|_| |_\__, | / / / /
 =========|_|==============|___/=/_/_/_/
 :: Spring Boot ::                (v3.2.4)

2026-01-07T00:44:56.522+01:00  INFO 726607 --- [           main] api.it.AuthFlowIT                        : Starting AuthFlowIT using Java 17.0.17 with PID 726607 (started by root in /home/mathys/Bureau/project_crypto/api)
2026-01-07T00:44:56.524+01:00  INFO 726607 --- [           main] api.it.AuthFlowIT                        : No active profile set, falling back to 1 default profile: "default"
2026-01-07T00:44:57.429+01:00  INFO 726607 --- [           main] .s.d.r.c.RepositoryConfigurationDelegate : Bootstrapping Spring Data JPA repositories in DEFAULT mode.
2026-01-07T00:44:57.512+01:00  INFO 726607 --- [           main] .s.d.r.c.RepositoryConfigurationDelegate : Finished Spring Data repository scanning in 72 ms. Found 7 JPA repository interfaces.
2026-01-07T00:44:58.181+01:00  INFO 726607 --- [           main] o.hibernate.jpa.internal.util.LogHelper  : HHH000204: Processing PersistenceUnitInfo [name: default]
2026-01-07T00:44:58.251+01:00  INFO 726607 --- [           main] org.hibernate.Version                    : HHH000412: Hibernate ORM core version 6.4.4.Final
2026-01-07T00:44:58.298+01:00  INFO 726607 --- [           main] o.h.c.internal.RegionFactoryInitiator    : HHH000026: Second-level cache disabled
2026-01-07T00:44:58.656+01:00  INFO 726607 --- [           main] o.s.o.j.p.SpringPersistenceUnitInfo      : No LoadTimeWeaver setup: ignoring JPA class transformer
2026-01-07T00:44:58.700+01:00  INFO 726607 --- [           main] com.zaxxer.hikari.HikariDataSource       : HikariPool-1 - Starting...
2026-01-07T00:44:59.213+01:00  INFO 726607 --- [           main] com.zaxxer.hikari.pool.HikariPool        : HikariPool-1 - Added connection org.postgresql.jdbc.PgConnection@6dee647f
2026-01-07T00:44:59.215+01:00  INFO 726607 --- [           main] com.zaxxer.hikari.HikariDataSource       : HikariPool-1 - Start completed.
2026-01-07T00:45:01.039+01:00  INFO 726607 --- [           main] o.h.e.t.j.p.i.JtaPlatformInitiator       : HHH000489: No JTA platform available (set 'hibernate.transaction.jta.platform' to enable JTA platform integration)
2026-01-07T00:45:01.065+01:00  WARN 726607 --- [           main] o.h.engine.jdbc.spi.SqlExceptionHelper   : SQL Warning Code: 0, SQLState: 00000
2026-01-07T00:45:01.066+01:00  WARN 726607 --- [           main] o.h.engine.jdbc.spi.SqlExceptionHelper   : relation "price_alerts" does not exist, skipping
2026-01-07T00:45:01.067+01:00  WARN 726607 --- [           main] o.h.engine.jdbc.spi.SqlExceptionHelper   : SQL Warning Code: 0, SQLState: 00000
2026-01-07T00:45:01.067+01:00  WARN 726607 --- [           main] o.h.engine.jdbc.spi.SqlExceptionHelper   : relation "user_holdings" does not exist, skipping
2026-01-07T00:45:01.067+01:00  WARN 726607 --- [           main] o.h.engine.jdbc.spi.SqlExceptionHelper   : SQL Warning Code: 0, SQLState: 00000
2026-01-07T00:45:01.068+01:00  WARN 726607 --- [           main] o.h.engine.jdbc.spi.SqlExceptionHelper   : relation "user_roles" does not exist, skipping
2026-01-07T00:45:01.068+01:00  WARN 726607 --- [           main] o.h.engine.jdbc.spi.SqlExceptionHelper   : SQL Warning Code: 0, SQLState: 00000
2026-01-07T00:45:01.068+01:00  WARN 726607 --- [           main] o.h.engine.jdbc.spi.SqlExceptionHelper   : relation "user_roles" does not exist, skipping
2026-01-07T00:45:01.085+01:00  WARN 726607 --- [           main] o.h.engine.jdbc.spi.SqlExceptionHelper   : SQL Warning Code: 0, SQLState: 00000
2026-01-07T00:45:01.086+01:00  WARN 726607 --- [           main] o.h.engine.jdbc.spi.SqlExceptionHelper   : table "crypto_assets" does not exist, skipping
2026-01-07T00:45:01.087+01:00  WARN 726607 --- [           main] o.h.engine.jdbc.spi.SqlExceptionHelper   : SQL Warning Code: 0, SQLState: 00000
2026-01-07T00:45:01.088+01:00  WARN 726607 --- [           main] o.h.engine.jdbc.spi.SqlExceptionHelper   : table "crypto_price_history" does not exist, skipping
2026-01-07T00:45:01.090+01:00  WARN 726607 --- [           main] o.h.engine.jdbc.spi.SqlExceptionHelper   : SQL Warning Code: 0, SQLState: 00000
2026-01-07T00:45:01.090+01:00  WARN 726607 --- [           main] o.h.engine.jdbc.spi.SqlExceptionHelper   : table "price_alerts" does not exist, skipping
2026-01-07T00:45:01.091+01:00  WARN 726607 --- [           main] o.h.engine.jdbc.spi.SqlExceptionHelper   : SQL Warning Code: 0, SQLState: 00000
2026-01-07T00:45:01.092+01:00  WARN 726607 --- [           main] o.h.engine.jdbc.spi.SqlExceptionHelper   : table "roles" does not exist, skipping
2026-01-07T00:45:01.093+01:00  WARN 726607 --- [           main] o.h.engine.jdbc.spi.SqlExceptionHelper   : SQL Warning Code: 0, SQLState: 00000
2026-01-07T00:45:01.093+01:00  WARN 726607 --- [           main] o.h.engine.jdbc.spi.SqlExceptionHelper   : table "user_favorites" does not exist, skipping
2026-01-07T00:45:01.093+01:00  WARN 726607 --- [           main] o.h.engine.jdbc.spi.SqlExceptionHelper   : SQL Warning Code: 0, SQLState: 00000
2026-01-07T00:45:01.094+01:00  WARN 726607 --- [           main] o.h.engine.jdbc.spi.SqlExceptionHelper   : table "user_holdings" does not exist, skipping
2026-01-07T00:45:01.094+01:00  WARN 726607 --- [           main] o.h.engine.jdbc.spi.SqlExceptionHelper   : SQL Warning Code: 0, SQLState: 00000
2026-01-07T00:45:01.095+01:00  WARN 726607 --- [           main] o.h.engine.jdbc.spi.SqlExceptionHelper   : table "user_roles" does not exist, skipping
2026-01-07T00:45:01.096+01:00  WARN 726607 --- [           main] o.h.engine.jdbc.spi.SqlExceptionHelper   : SQL Warning Code: 0, SQLState: 00000
2026-01-07T00:45:01.096+01:00  WARN 726607 --- [           main] o.h.engine.jdbc.spi.SqlExceptionHelper   : table "users" does not exist, skipping
2026-01-07T00:45:01.190+01:00  INFO 726607 --- [           main] j.LocalContainerEntityManagerFactoryBean : Initialized JPA EntityManagerFactory for persistence unit 'default'
2026-01-07T00:45:01.983+01:00  INFO 726607 --- [           main] o.s.d.j.r.query.QueryEnhancerFactory     : Hibernate is in classpath; If applicable, HQL parser will be used.
2026-01-07T00:45:02.129+01:00  WARN 726607 --- [           main] JpaBaseConfiguration$JpaWebConfiguration : spring.jpa.open-in-view is enabled by default. Therefore, database queries may be performed during view rendering. Explicitly configure spring.jpa.open-in-view to disable this warning
2026-01-07T00:45:02.613+01:00  INFO 726607 --- [           main] o.s.s.web.DefaultSecurityFilterChain     : Will secure any request with [org.springframework.security.web.session.DisableEncodeUrlFilter@249c8bee, org.springframework.security.web.context.request.async.WebAsyncManagerIntegrationFilter@2a9f6a64, org.springframework.security.web.context.SecurityContextHolderFilter@699b019c, org.springframework.security.web.header.HeaderWriterFilter@69e91dc1, org.springframework.web.filter.CorsFilter@626cd10c, org.springframework.security.web.authentication.logout.LogoutFilter@696dbfb8, api.service.JwtAuthenticationFilter@55e2c6ca, org.springframework.security.web.savedrequest.RequestCacheAwareFilter@21aab942, org.springframework.security.web.servletapi.SecurityContextHolderAwareRequestFilter@4cea19ad, org.springframework.security.web.authentication.AnonymousAuthenticationFilter@1ba5b2a8, org.springframework.security.web.session.SessionManagementFilter@69634bd4, org.springframework.security.web.access.ExceptionTranslationFilter@7ad8bd4d, org.springframework.security.web.access.intercept.AuthorizationFilter@5d0a60f1]
2026-01-07T00:45:03.101+01:00  INFO 726607 --- [           main] o.s.b.t.m.w.SpringBootMockServletContext : Initializing Spring TestDispatcherServlet ''
2026-01-07T00:45:03.101+01:00  INFO 726607 --- [           main] o.s.t.web.servlet.TestDispatcherServlet  : Initializing Servlet ''
2026-01-07T00:45:03.102+01:00  INFO 726607 --- [           main] o.s.t.web.servlet.TestDispatcherServlet  : Completed initialization in 1 ms
2026-01-07T00:45:03.124+01:00  INFO 726607 --- [           main] api.it.AuthFlowIT                        : Started AuthFlowIT in 6.917 seconds (process running for 57.928)
]]></system-out>
  </testcase>
</testsuite>